Build started 7/7/2022 2:11:49 AM.
Logging verbosity is set to: Normal.     1>Project "C:\Users\pc\Desktop\ETEL-SMACH\samples\v40\c\generic\sample_1.vcxproj" on node 2 (Build target(s)).
     1>PrepareForBuild:
         Creating directory ".\sample164d\sample_1.tlog\".
       InitializeBuildStatus:
         Creating ".\sample164d\sample_1.tlog\unsuccessfulbuild" because "AlwaysCreate" was specified.
       ClCompile:
         C:\Program Files\Microsoft Visual Studio\2022\Professional\VC\Tools\MSVC\14.30.30705\bin\HostX64\x64\CL.exe /c /Zi /nologo /W3 /WX /diagnostics:column /Od /D _DEBUG /D _CONSOLE /D _CRT_SECURE_NO_DEPRECATE /D _VC80_UPGRADE=0x0600 /D _MBCS /Gm- /EHsc /MTd /GS /fp:precise /Zc:wchar_t /Zc:forScope /Zc:inline /permissive- /Fo".\sample164d\\" /Fd".\sample164d\vc143.pdb" /external:W3 /Gd /TC /FC /errorReport:prompt sample_1.c
         sample_1.c
       Link:
         C:\Program Files\Microsoft Visual Studio\2022\Professional\VC\Tools\MSVC\14.30.30705\bin\HostX64\x64\link.exe /ERRORREPORT:PROMPT /OUT:".\sample164d\sample1.exe" /INCREMENTAL /ILK:".\sample164d\sample1.ilk" /NOLOGO dsa40cd.lib odbc32.lib odbccp32.lib kernel32.lib user32.lib gdi32.lib winspool.lib comdlg32.lib advapi32.lib shell32.lib ole32.lib oleaut32.lib uuid.lib odbc32.lib odbccp32.lib /MANIFEST /MANIFESTUAC:"level='asInvoker' uiAccess='false'" /manifest:embed /DEBUG /PDB:"C:\Users\pc\Desktop\ETEL-SMACH\samples\v40\c\generic\sample164d\sample1.pdb" /SUBSYSTEM:CONSOLE /TLBID:1 /DYNAMICBASE /NXCOMPAT /IMPLIB:".\sample164d\sample1.lib" /MACHINE:X64 .\sample164d\sample_1.obj
         sample_1.vcxproj -> C:\Users\pc\Desktop\ETEL-SMACH\samples\v40\c\generic\sample164d\sample1.exe
       FinalizeBuildStatus:
         Deleting file ".\sample164d\sample_1.tlog\unsuccessfulbuild".
         Touching ".\sample164d\sample_1.tlog\sample_1.lastbuildstate".
     1>Done Building Project "C:\Users\pc\Desktop\ETEL-SMACH\samples\v40\c\generic\sample_1.vcxproj" (Build target(s)).

Build succeeded.
    0 Warning(s)
    0 Error(s)

Time Elapsed 00:00:00.91
